{"numTotalTestSuites":3,"numPassedTestSuites":0,"numFailedTestSuites":3,"numPendingTestSuites":0,"numTotalTests":4,"numPassedTests":1,"numFailedTests":3,"numPendingTests":0,"numTodoTests":0,"snapshot":{"added":0,"failure":false,"filesAdded":0,"filesRemoved":0,"filesRemovedList":[],"filesUnmatched":0,"filesUpdated":0,"matched":0,"total":0,"unchecked":0,"uncheckedKeysByFile":[],"unmatched":0,"updated":0,"didUpdate":false},"startTime":1785943432773,"success":false,"testResults":[{"assertionResults":[{"ancestorTitles":["ProjectEditorWorkspace pattern interaction"],"fullName":"ProjectEditorWorkspace pattern interaction supports click, Ctrl/Command toggles, and Shift marquee selection","status":"failed","title":"supports click, Ctrl/Command toggles, and Shift marquee selection","duration":141.59280000000035,"failureMessages":["TestingLibraryElementError: Unable to find an element with the text: 2 selected. This could be because the text is broken up by multiple elements. In this case, you can provide a function for your text matcher to make your matcher more flexible.\n\nIgnored nodes: comments, script, style\n\u001b[36m<body>\u001b[39m\n  \u001b[36m<div>\u001b[39m\n    \u001b[36m<section\u001b[39m\n      \u001b[33mclass\u001b[39m=\u001b[32m\"grid gap-3\"\u001b[39m\n      \u001b[33mdata-testid\u001b[39m=\u001b[32m\"project-editor-workspace\"\u001b[39m\n    \u001b[36m>\u001b[39m\n      \u001b[36m<header\u001b[39m\n        \u001b[33mclass\u001b[39m=\u001b[32m\"border border-zinc-800 bg-zinc-900\"\u001b[39m\n      \u001b[36m>\u001b[39m\n        \u001b[36m<div\u001b[39m\n          \u001b[33mclass\u001b[39m=\u001b[32m\"flex flex-wrap items-center gap-2 border-b border-zinc-800 px-3 py-2\"\u001b[39m\n        \u001b[36m>\u001b[39m\n          \u001b[36m<div\u001b[39m\n            \u001b[33mclass\u001b[39m=\u001b[32m\"mr-auto\"\u001b[39m\n          \u001b[36m>\u001b[39m\n            \u001b[36m<h2\u001b[39m\n              \u001b[33mclass\u001b[39m=\u001b[32m\"text-sm font-semibold text-zinc-100\"\u001b[39m\n            \u001b[36m>\u001b[39m\n              \u001b[0mProject layer editor\u001b[0m\n            \u001b[36m</h2>\u001b[39m\n            \u001b[36m<p\u001b[39m\n              \u001b[33mclass\u001b[39m=\u001b[32m\"mt-0.5 text-xs text-zinc-500\"\u001b[39m\n            \u001b[36m>\u001b[39m\n              \u001b[0mOne command history covers package geometry, labels, groups, execution order, and stack interlayers.\u001b[0m\n            \u001b[36m</p>\u001b[39m\n          \u001b[36m</div>\u001b[39m\n          \u001b[36m<span\u001b[39m\n            \u001b[33mclass\u001b[39m=\u001b[32m\"text-xs text-zinc-500\"\u001b[39m\n            \u001b[33mrole\u001b[39m=\u001b[32m\"status\"\u001b[39m\n          \u001b[36m>\u001b[39m\n            \u001b[0mSaved editor state\u001b[0m\n          \u001b[36m</span>\u001b[39m\n          \u001b[36m<button\u001b[39m\n            \u001b[33mclass\u001b[39m=\u001b[32m\"rounded-md bg-amber-400 px-3 py-1.5 text-xs font-semibold text-zinc-950 hover:bg-amber-300 focus:ring-2 focus:ring-amber-200 focus:outline-none disabled:cursor-not-allowed disabled:bg-zinc-700 disabled:text-zinc-500\"\u001b[39m\n            \u001b[33mdisabled\u001b[39m=\u001b[32m\"\"\u001b[39m\n            \u001b[33mtype\u001b[39m=\u001b[32m\"button\"\u001b[39m\n          \u001b[36m>\u001b[39m\n            \u001b[0mSave\u001b[0m\n          \u001b[36m</button>\u001b[39m\n          \u001b[36m<button\u001b[39m\n            \u001b[33mclass\u001b[39m=\u001b[32m\"rounded-md border border-zinc-700 px-2.5 py-1.5 text-xs font-medium text-zinc-300 hover:bg-zinc-800 focus:outline-none focus:ring-2 focus:ring-amber-400/35 disabled:cursor-not-allowed disabled:border-zinc-800 disabled:text-zinc-600 disabled:hover:bg-transparent\"\u001b[39m\n            \u001b[33mdisabled\u001b[39m=\u001b[32m\"\"\u001b[39m\n            \u001b[33mtype\u001b[39m=\u001b[32m\"button\"\u001b[39m\n          \u001b[36m>\u001b[39m\n            \u001b[0mDiscard\u001b[0m\n          \u001b[36m</button>\u001b[39m\n          \u001b[36m<button\u001b[39m\n            \u001b[33mclass\u001b[39m=\u001b[32m\"rounded-md border border-zinc-700 px-2.5 py-1.5 text-xs font-medium text-zinc-300 hover:bg-zinc-800 focus:outline-none focus:ring-2 focus:ring-amber-400/35 disabled:cursor-not-allowed disabled:border-zinc-800 disabled:text-zinc-600 disabled:hover:bg-transparent\"\u001b[39m\n            \u001b[33mdisabled\u001b[39m=\u001b[32m\"\"\u001b[39m\n            \u001b[33mtype\u001b[39m=\u001b[32m\"button\"\u001b[39m\n          \u001b[36m>\u001b[39m\n            \u001b[0mUndo\u001b[0m\n          \u001b[36m</button>\u001b[39m\n          \u001b[36m<button\u001b[39m\n            \u001b[33mclass\u001b[39m=\u001b[32m\"rounded-md border border-zinc-700 px-2.5 py-1.5 text-xs font-medium text-zinc-300 hover:bg-zinc-800 focus:outline-none focus:ring-2 focus:ring-amber-400/35 disabled:cursor-not-allowed disabled:border-zinc-800 disabled:text-zinc-600 disabled:hover:bg-transparent\"\u001b[39m\n            \u001b[33mdisabled\u001b[39m=\u001b[32m\"\"\u001b[39m\n            \u001b[33mtype\u001b[39m=\u001b[32m\"button\"\u001b[39m\n          \u001b[36m>\u001b[39m\n            \u001b[0mRedo\u001b[0m\n          \u001b[36m</button>\u001b[39m\n          \u001b[36m<button\u001b[39m\n            \u001b[33mclass\u001b[39m=\u001b[32m\"rounded-md border border-zinc-700 px-2.5 py-1.5 text-xs font-medium text-zinc-300 hover:bg-zinc-800 focus:outline-none focus:ring-2 focus:ring-amber-400/35 disabled:cursor-not-allowed disabled:border-zinc-800 disabled:text-zinc-600 disabled:hover:bg-transparent text-red-300\"\u001b[39m\n            \u001b[33mdisabled\u001b[39m=\u001b[32m\"\"\u001b[39m\n            \u001b[33mtype\u001b[39m=\u001b[32m\"button\"\u001b[39m\n          \u001b[36m>\u001b[39m\n            \u001b[0mReset original\u001b[0m\n          \u001b[36m</button>\u001b[39m\n          \u001b[36m<span\u001b[39m\n            \u001b[33mclass\u001b[39m=\u001b[32m\"border border-zinc-800 bg-zinc-950 px-2 py-1 font-mono text-[11px] text-zinc-500\"\u001b[39m\n          \u001b[36m>\u001b[39m\n            \u001b[0mHistory \u001b[0m\n            \u001b[0m1\u001b[0m\n            \u001b[0m/\u001b[0m\n            \u001b[0m1\u001b[0m\n          \u001b[36m</span>\u001b[39m\n        \u001b[36m</div>\u001b[39m\n        \u001b[36m<div\u001b[39m\n          \u001b[33mclass\u001b[39m=\u001b[32m\"flex flex-wrap items-end gap-3 p-3\"\u001b[39m\n        \u001b[36m>\u001b[39m\n          \u001b[36m<label\u001b[39m\n            \u001b[33mclass\u001b[39m=\u001b[32m\"grid min-w-56 gap-1 text-xs text-zinc-500\"\u001b[39m\n          \u001b[36m>\u001b[39m\n            \u001b[0mActive solution\u001b[0m\n            \u001b[36m<select\u001b[39m\n              \u001b[33maria-label\u001b[39m=\u001b[32m\"Editor active solution\"\u001b[39m\n              \u001b[33mclass\u001b[39m=\u001b[32m\"rounded-md border border-zinc-700 bg-zinc-950 px-2 py-1.5 text-xs text-zinc-200 outline-none focus:border-amber-400 focus:ring-2 focus:ring-amber-400/20\"\u001b[39m\n            \u001b[36m>\u001b[39m\n              \u001b[36m<option\u001b[39m\n                \u001b[33mvalue\u001b[39m=\u001b[32m\"solution-1\"\u001b[39m\n              \u001b[36m>\u001b[39m\n                \u001b[0mSolution 1\u001b[0m\n              \u001b[36m</option>\u001b[39m\n            \u001b[36m</select>\u001b[39m\n          \u001b[36m</label>\u001b[39m\n          \u001b[36m<label\u001b[39m\n            \u001b[33mclass\u001b[39m=\u001b[32m\"grid min-w-56 gap-1 text-xs text-zinc-500\"\u001b[39m\n          \u001b[36m>\u001b[39m\n            \u001b[0mActive pattern\u001b[0m\n            \u001b[36m<select\u001b[39m\n              \u001b[33maria-label\u001b[39m=\u001b[32m\"Editor active pattern\"\u001b[39m\n              \u001b[33mclass\u001b[39m=\u001b[32m\"rounded-md border border-zinc-700 bg-zinc-950 px-2 py-1.5 text-xs text-zinc-200 outline-none focus:border-amber-400 focus:ring-2 focus:ring-amber-400/20 disabled:text-zinc-600\"\u001b[39m\n            \u001b[36m>\u001b[39m\n              \u001b[36m<option\u001b[39m\n                \u001b[33mvalue\u001b[39m=\u001b[32m\"pattern-1\"\u001b[39m\n              \u001b[36m>\u001b[39m\n                \u001b[0mPattern 1\u001b[0m\n                \u001b[0m · \u001b[0m\n                \u001b[0m4\u001b[0m\n                \u001b[0m packages\u001b[0m\n              \u001b[36m</option>\u001b[39m\n            \u001b[36m</select>\u001b[39m\n          \u001b[36m</label>\u001b[39m\n          \u001b[36m<nav\u001b[39m\n            \u001b[33maria-label\u001b[39m=\u001b[32m\"Project editor mode\"\u001b[39m\n            \u001b[33mclass\u001b[39m=\u001b[32m\"flex items-center gap-1 border border-zinc-800 bg-zinc-950 p-1\"\u001b[39m\n          \u001b[36m>\u001b[39m\n            \u001b[36m<button\u001b[39m\n              \u001b[33maria-current\u001b[39m=\u001b[32m\"page\"\u001b[39m\n              \u001b[33mclass\u001b[39m=\u001b[32m\"rounded-md px-3 py-1.5 text-xs font-medium focus:ring-2 focus:ring-amber-400/35 focus:outline-none bg-zinc-700 text-zinc-100\"\u001b[39m\n              \u001b[33mtype\u001b[39m=\u001b[32m\"button\"\u001b[39m\n            \u001b[36m>\u001b[39m\n              \u001b[0mPattern\u001b[0m\n            \u001b[36m</button>\u001b[39m\n            \u001b[36m<button\u001b[39m\n              \u001b[33mclass\u001b[39m=\u001b[32m\"rounded-md px-3 py-1.5 text-xs font-medium focus:ring-2 focus:ring-amber-400/35 focus:outline-none text-zinc-400 hover:bg-zinc-800 hover:text-zinc-200\"\u001b[39m\n              \u001b[33mtype\u001b[39m=\u001b[32m\"button\"\u001b[39m\n            \u001b[36m>\u001b[39m\n              \u001b[0mOrder\u001b[0m\n            \u001b[36m</button>\u001b[39m\n            \u001b[36m<button\u001b[39m\n              \u001b[33mclass\u001b[39m=\u001b[32m\"rounded-md px-3 py-1.5 text-xs font-medium focus:ring-2 focus:ring-amber-400/35 focus:outline-none text-zinc-400 hover:bg-zinc-800 hover:text-zinc-200\"\u001b[39m\n              \u001b[33mtype\u001b[39m=\u001b[32m\"button\"\u001b[39m\n            \u001b[36m>\u001b[39m\n              \u001b[0mFlow\u001b[0m...\n    at Object.getElementError (D:\\git-projects\\palette_3d_viewer\\node_modules\\@testing-library\\dom\\dist\\config.js:37:19)\n    at D:\\git-projects\\palette_3d_viewer\\node_modules\\@testing-library\\dom\\dist\\query-helpers.js:76:38\n    at D:\\git-projects\\palette_3d_viewer\\node_modules\\@testing-library\\dom\\dist\\query-helpers.js:52:17\n    at D:\\git-projects\\palette_3d_viewer\\node_modules\\@testing-library\\dom\\dist\\query-helpers.js:95:19\n    at D:\\git-projects\\palette_3d_viewer\\src\\features\\editor\\ProjectEditorWorkspace.test.tsx:197:19\n    at file:///D:/git-projects/palette_3d_viewer/node_modules/@vitest/runner/dist/chunk-hooks.js:155:11\n    at file:///D:/git-projects/palette_3d_viewer/node_modules/@vitest/runner/dist/chunk-hooks.js:752:26\n    at file:///D:/git-projects/palette_3d_viewer/node_modules/@vitest/runner/dist/chunk-hooks.js:1897:20\n    at new Promise (<anonymous>)\n    at runWithTimeout (file:///D:/git-projects/palette_3d_viewer/node_modules/@vitest/runner/dist/chunk-hooks.js:1863:10)"],"meta":{}},{"ancestorTitles":["ProjectEditorWorkspace pattern interaction"],"fullName":"ProjectEditorWorkspace pattern interaction keeps undo, Delete, arrows, and shortcuts out of form controls","status":"passed","title":"keeps undo, Delete, arrows, and shortcuts out of form controls","duration":106.82310000000007,"failureMessages":[],"meta":{}},{"ancestorTitles":["ProjectEditorWorkspace order, flow, and persistence"],"fullName":"ProjectEditorWorkspace order, flow, and persistence shows invalid dependency feedback and applies the automatic suggestion","status":"failed","title":"shows invalid dependency feedback and applies the automatic suggestion","duration":409.0495000000001,"failureMessages":["TestingLibraryElementError: Unable to find an accessible element with the role \"button\" and name \"Add group from package selection (2)\"\n\nHere are the accessible roles:\n\n  banner:\n\n  Name \"\":\n  \u001b[36m<header\u001b[39m\n    \u001b[33mclass\u001b[39m=\u001b[32m\"border border-zinc-800 bg-zinc-900\"\u001b[39m\n  \u001b[36m/>\u001b[39m\n\n  Name \"\":\n  \u001b[36m<header\u001b[39m\n    \u001b[33mclass\u001b[39m=\u001b[32m\"border-b border-zinc-800 px-3 py-2\"\u001b[39m\n  \u001b[36m/>\u001b[39m\n\n  --------------------------------------------------\n  heading:\n\n  Name \"Project layer editor\":\n  \u001b[36m<h2\u001b[39m\n    \u001b[33mclass\u001b[39m=\u001b[32m\"text-sm font-semibold text-zinc-100\"\u001b[39m\n  \u001b[36m/>\u001b[39m\n\n  Name \"2D execution order\":\n  \u001b[36m<h3\u001b[39m\n    \u001b[33mclass\u001b[39m=\u001b[32m\"text-sm font-semibold text-zinc-100\"\u001b[39m\n  \u001b[36m/>\u001b[39m\n\n  Name \"Order dependencies\":\n  \u001b[36m<h3\u001b[39m\n    \u001b[33mclass\u001b[39m=\u001b[32m\"text-sm font-semibold text-zinc-100\"\u001b[39m\n  \u001b[36m/>\u001b[39m\n\n  Name \"Order feedback (0)\":\n  \u001b[36m<h3\u001b[39m\n    \u001b[33mclass\u001b[39m=\u001b[32m\"text-sm font-semibold text-zinc-100\"\u001b[39m\n  \u001b[36m/>\u001b[39m\n\n  --------------------------------------------------\n  paragraph:\n\n  Name \"\":\n  \u001b[36m<p\u001b[39m\n    \u001b[33mclass\u001b[39m=\u001b[32m\"mt-0.5 text-xs text-zinc-500\"\u001b[39m\n  \u001b[36m/>\u001b[39m\n\n  Name \"\":\n  \u001b[36m<p\u001b[39m\n    \u001b[33mclass\u001b[39m=\u001b[32m\"ml-auto max-w-md text-[11px] leading-5 text-zinc-600\"\u001b[39m\n  \u001b[36m/>\u001b[39m\n\n  Name \"\":\n  \u001b[36m<p\u001b[39m\n    \u001b[33mclass\u001b[39m=\u001b[32m\"mt-0.5 text-xs text-zinc-500\"\u001b[39m\n  \u001b[36m/>\u001b[39m\n\n  Name \"\":\n  \u001b[36m<p\u001b[39m\n    \u001b[33mclass\u001b[39m=\u001b[32m\"mt-3 text-xs text-zinc-600\"\u001b[39m\n  \u001b[36m/>\u001b[39m\n\n  Name \"\":\n  \u001b[36m<p\u001b[39m\n    \u001b[33mclass\u001b[39m=\u001b[32m\"mt-2 text-xs text-zinc-600\"\u001b[39m\n  \u001b[36m/>\u001b[39m\n\n  --------------------------------------------------\n  status:\n\n  Name \"\":\n  \u001b[36m<span\u001b[39m\n    \u001b[33mclass\u001b[39m=\u001b[32m\"text-xs text-zinc-500\"\u001b[39m\n    \u001b[33mrole\u001b[39m=\u001b[32m\"status\"\u001b[39m\n  \u001b[36m/>\u001b[39m\n\n  --------------------------------------------------\n  button:\n\n  Name \"Save\":\n  \u001b[36m<button\u001b[39m\n    \u001b[33mclass\u001b[39m=\u001b[32m\"rounded-md bg-amber-400 px-3 py-1.5 text-xs font-semibold text-zinc-950 hover:bg-amber-300 focus:ring-2 focus:ring-amber-200 focus:outline-none disabled:cursor-not-allowed disabled:bg-zinc-700 disabled:text-zinc-500\"\u001b[39m\n    \u001b[33mdisabled\u001b[39m=\u001b[32m\"\"\u001b[39m\n    \u001b[33mtype\u001b[39m=\u001b[32m\"button\"\u001b[39m\n  \u001b[36m/>\u001b[39m\n\n  Name \"Discard\":\n  \u001b[36m<button\u001b[39m\n    \u001b[33mclass\u001b[39m=\u001b[32m\"rounded-md border border-zinc-700 px-2.5 py-1.5 text-xs font-medium text-zinc-300 hover:bg-zinc-800 focus:outline-none focus:ring-2 focus:ring-amber-400/35 disabled:cursor-not-allowed disabled:border-zinc-800 disabled:text-zinc-600 disabled:hover:bg-transparent\"\u001b[39m\n    \u001b[33mdisabled\u001b[39m=\u001b[32m\"\"\u001b[39m\n    \u001b[33mtype\u001b[39m=\u001b[32m\"button\"\u001b[39m\n  \u001b[36m/>\u001b[39m\n\n  Name \"Undo\":\n  \u001b[36m<button\u001b[39m\n    \u001b[33mclass\u001b[39m=\u001b[32m\"rounded-md border border-zinc-700 px-2.5 py-1.5 text-xs font-medium text-zinc-300 hover:bg-zinc-800 focus:outline-none focus:ring-2 focus:ring-amber-400/35 disabled:cursor-not-allowed disabled:border-zinc-800 disabled:text-zinc-600 disabled:hover:bg-transparent\"\u001b[39m\n    \u001b[33mdisabled\u001b[39m=\u001b[32m\"\"\u001b[39m\n    \u001b[33mtype\u001b[39m=\u001b[32m\"button\"\u001b[39m\n  \u001b[36m/>\u001b[39m\n\n  Name \"Redo\":\n  \u001b[36m<button\u001b[39m\n    \u001b[33mclass\u001b[39m=\u001b[32m\"rounded-md border border-zinc-700 px-2.5 py-1.5 text-xs font-medium text-zinc-300 hover:bg-zinc-800 focus:outline-none focus:ring-2 focus:ring-amber-400/35 disabled:cursor-not-allowed disabled:border-zinc-800 disabled:text-zinc-600 disabled:hover:bg-transparent\"\u001b[39m\n    \u001b[33mdisabled\u001b[39m=\u001b[32m\"\"\u001b[39m\n    \u001b[33mtype\u001b[39m=\u001b[32m\"button\"\u001b[39m\n  \u001b[36m/>\u001b[39m\n\n  Name \"Reset original\":\n  \u001b[36m<button\u001b[39m\n    \u001b[33mclass\u001b[39m=\u001b[32m\"rounded-md border border-zinc-700 px-2.5 py-1.5 text-xs font-medium text-zinc-300 hover:bg-zinc-800 focus:outline-none focus:ring-2 focus:ring-amber-400/35 disabled:cursor-not-allowed disabled:border-zinc-800 disabled:text-zinc-600 disabled:hover:bg-transparent text-red-300\"\u001b[39m\n    \u001b[33mdisabled\u001b[39m=\u001b[32m\"\"\u001b[39m\n    \u001b[33mtype\u001b[39m=\u001b[32m\"button\"\u001b[39m\n  \u001b[36m/>\u001b[39m\n\n  Name \"Pattern\":\n  \u001b[36m<button\u001b[39m\n    \u001b[33mclass\u001b[39m=\u001b[32m\"rounded-md px-3 py-1.5 text-xs font-medium focus:ring-2 focus:ring-amber-400/35 focus:outline-none text-zinc-400 hover:bg-zinc-800 hover:text-zinc-200\"\u001b[39m\n    \u001b[33mtype\u001b[39m=\u001b[32m\"button\"\u001b[39m\n  \u001b[36m/>\u001b[39m\n\n  Name \"Order\":\n  \u001b[36m<button\u001b[39m\n    \u001b[33maria-current\u001b[39m=\u001b[32m\"page\"\u001b[39m\n    \u001b[33mclass\u001b[39m=\u001b[32m\"rounded-md px-3 py-1.5 text-xs font-medium focus:ring-2 focus:ring-amber-400/35 focus:outline-none bg-zinc-700 text-zinc-100\"\u001b[39m\n    \u001b[33mtype\u001b[39m=\u001b[32m\"button\"\u001b[39m\n  \u001b[36m/>\u001b[39m\n\n  Name \"Flow\":\n  \u001b[36m<button\u001b[39m\n    \u001b[33mclass\u001b[39m=\u001b[32m\"rounded-md px-3 py-1.5 text-xs font-medium focus:ring-2 focus:ring-amber-400/35 focus:outline-none text-zinc-400 hover:bg-zinc-800 hover:text-zinc-200\"\u001b[39m\n    \u001b[33mtype\u001b[39m=\u001b[32m\"button\"\u001b[39m\n  \u001b[36m/>\u001b[39m\n\n  Name \"Add group from package selection (1)\":\n  \u001b[36m<button\u001b[39m\n    \u001b[33mclass\u001b[39m=\u001b[32m\"rounded-md border border-zinc-700 px-2.5 py-1.5 text-xs font-medium text-zinc-300 hover:bg-zinc-800 focus:outline-none focus:ring-2 focus:ring-amber-400/35 disabled:cursor-not-allowed disabled:border-zinc-800 disabled:text-zinc-600 disabled:hover:bg-transparent\"\u001b[39m\n    \u001b[33mtype\u001b[39m=\u001b[32m\"button\"\u001b[39m\n  \u001b[36m/>\u001b[39m\n\n  Name \"Merge selected groups (0)\":\n  \u001b[36m<button\u001b[39m\n    \u001b[33mclass\u001b[39m=\u001b[32m\"rounded-md border border-zinc-700 px-2.5 py-1.5 text-xs font-medium text-zinc-300 hover:bg-zinc-800 focus:outline-none focus:ring-2 focus:ring-amber-400/35 disabled:cursor-not-allowed disabled:border-zinc-800 disabled:text-zinc-600 disabled:hover:bg-transparent\"\u001b[39m\n    \u001b[33mdisabled\u001b[39m=\u001b[32m\"\"\u001b[39m\n    \u001b[33mtype\u001b[39m=\u001b[32m\"button\"\u001b[39m\n  \u001b[36m/>\u001b[39m\n\n  Name \"Apply automatic order\":\n  \u001b[36m<button\u001b[39m\n    \u001b[33mclass\u001b[39m=\u001b[32m\"rounded-md bg-amber-400 px-2.5 py-1.5 text-xs font-semibold text-zinc-950 hover:bg-amber-300 focus:ring-2 focus:ring-amber-200 focus:outline-none disabled:cursor-not-allowed disabled:bg-zinc-700 disabled:text-zinc-500\"\u001b[39m\n    \u001b[33mtype\u001b[39m=\u001b[32m\"button\"\u001b[39m\n  \u001b[36m/>\u001b[39m\n\n  Name \"Move group 1 up\":\n  \u001b[36m<button\u001b[39m\n    \u001b[33maria-label\u001b[39m=\u001b[32m\"Move group 1 up\"\u001b[39m\n    \u001b[33mclass\u001b[39m=\u001b[32m\"rounded-md border border-zinc-700 px-2.5 py-1.5 text-xs font-medium text-zinc-300 hover:bg-zinc-800 focus:outline-none focus:ring-2 focus:ring-amber-400/35 disabled:cursor-not-allowed disabled:border-zinc-800 disabled:text-zinc-600 disabled:hover:bg-transparent\"\u001b[39m\n    \u001b[33mdisabled\u001b[39m=\u001b[32m\"\"\u001b[39m\n    \u001b[33mtype\u001b[39m=\u001b[32m\"button\"\u001b[39m\n  \u001b[36m/>\u001b[39m\n\n  Name \"Move group 1 down\":\n  \u001b[36m<button\u001b[39m\n    \u001b[33maria-label\u001b[39m=\u001b[32m\"Move group 1 down\"\u001b[39m\n    \u001b[33mclass\u001b[39m=\u001b[32m\"rounded-md border border-zinc-700 px-2.5 py-1.5 text-xs font-medium text-zinc-300 hover:bg-zinc-800 focus:outline-none focus:ring-2 focus:ring-amber-400/35 disabled:cursor-not-allowed disabled:border-zinc-800 disabled:text-zinc-600 disabled:hover:bg-transparent\"\u001b[39m\n    \u001b[33mtype\u001b[39m=\u001b[32m\"button\"\u001b[39m\n  \u001b[36m/>\u001b[39m\n\n  Name \"Split group 1\":\n  \u001b[36m<button\u001b[39m\n    \u001b[33maria-label\u001b[39m=\u001b[32m\"Split group 1\"\u001b[39m\n    \u001b[33mclass\u001b[39m=\u001b[32m\"rounded-md border border-zinc-700 px-2.5 py-1.5 text-xs font-medium text-zinc-300 hover:bg-zinc-800 focus:outline-none focus:ring-2 focus:ring-amber-400/35 disabled:cursor-not-allowed disabled:border-zinc-800 disabled:text-zinc-600 disabled:hover:bg-transparent\"\u001b[39m\n    \u001b[33mtype\u001b[39m=\u001b[32m\"button\"\u001b[39m\n  \u001b[36m/>\u001b[39m\n\n  Name \"Remove group 1\":\n  \u001b[36m<button\u001b[39m\n    \u001b[33maria-label\u001b[39m=\u001b[32m\"Remove group 1\"\u001b[39m\n    \u001b[33mclass\u001b[39m=\u001b[32m\"rounded-md border border-zinc-700 px-2.5 py-1.5 text-xs font-medium text-zinc-300 hover:bg-zinc-800 focus:outline-none focus:ring-2 focus:ring-amber-400/35 disabled:cursor-not-allowed disabled:border-zinc-800 disabled:text-zinc-600 disabled:hover:bg-transparent text-red-300\"\u001b[39m\n    \u001b[33mtype\u001b[39m=\u001b[32m\"button\"\u001b[39m\n  \u001b[36m/>\u001b[39m\n\n  Name \"Move group 2 up\":\n  \u001b[36m<button\u001b[39m\n    \u001b[33maria-label\u001b[39m=\u001b[32m\"Move group 2 up\"\u001b[39m\n    \u001b[33mclass\u001b[39m=\u001b[32m\"rounded-md border border-zinc-700 px-2.5 py-1.5 text-xs font-medium text-zinc-300 hover:bg-zinc-800 focus:outline-none focus:ring-2 focus:ring-amber-400/35 disabled:cursor-not-allowed disabled:border-zinc-800 disabled:text-zinc-600 disabled:hover:bg-transparent\"\u001b[39m\n    \u001b[33mtype\u001b[39m=\u001b[32m\"button\"\u001b[39m\n  \u001b[36m/>\u001b[39m\n\n  Name \"Move group 2 down\":\n  \u001b[36m<button\u001b[39m\n    \u001b[33maria-label\u001b[39m=\u001b[32m\"Move group 2 down\"\u001b[39m\n    \u001b[33mclass\u001b[39m=\u001b[32m\"rounded-md border border-zinc-700 px-2.5 py-1.5 text-xs font-medium text-zinc-300 hover:bg-zinc-800 focus:outline-none focus:ring-2 focus:ring-amber-400/35 disabled:cursor-not-allowed disabled:border-zinc-800 disabled:text-zinc-600 disabled:hover:bg-transparent\"\u001b[39m\n    \u001b[33mdisabled\u001b[39m=\u001b[32m\"\"\u001b[39m\n    \u001b[33mtype\u001b[39m=\u001b[32m\"button\"\u001b[39m\n  \u001b[36m/>\u001b[39m\n\n  Name \"Split group 2\":\n  \u001b[36m<button\u001b[39m\n    \u001b[33maria-label\u001b[39m=\u001b[32m\"Split group 2\"\u001b[39m\n    \u001b[33mclass\u001b[39m=\u001b[32m\"rounded-md border border-zinc-700 px-2.5 py-1.5 text-xs font-medium text-zinc-300 hover:bg-zinc-800 focus:outline-none focus:ring-2 focus:ring-amber-400/35 disabled:cursor-not-allowed disabled:border-zinc-800 disabled:text-zinc-600 disabled:hover:bg-transparent\"\u001b[39m\n    \u001b[33mtype\u001b[39m=\u001b[32m\"button\"\u001b[39m\n  \u001b[36m/>\u001b[39m\n\n  Name \"Remove group 2\":\n  \u001b[36m<button\u001b[39m\n    \u001b[33maria-label\u001b[39m=\u001b[32m\"Remove group 2\"\u001b[39m\n    \u001b[33mclass\u001b[39m=\u001b[32m\"rounded-md border border-zinc-700 px-2.5 py-1.5 text-xs font-medium text-zinc-300 hover:bg-zinc-800 focus:outline-none focus:ring-2 focus:ring-amber-400/35 disabled:cursor-not-allowed disabled:border-zinc-800 disabled:text-zinc-600 disabled:hover:bg-transparent text-red-300\"\u001b[39m\n    \u001b[33mtype\u001b[39m=\u001b[32m\"button\"\u001b[39m\n  \u001b[36m/>\u001b[39m\n\n  Name \"Add\":\n  \u001b[36m<button\u001b[39m\n    \u001b[33mclass\u001b[39m=\u001b[32m\"rounded-md border border-zinc-700 px-2.5 py-1.5 text-xs font-medium text-zinc-300 hover:bg-zinc-800 focus:outline-none focus:ring-2 focus:ring-amber-400/35 disabled:cursor-not-allowed disabled:border-zinc-800 disabled:text-zinc-600 disabled:hover:bg-transparent\"\u001b[39m\n    \u001b[33mtype\u001b[39m=\u001b[32m\"button\"\u001b[39m\n  \u001b[36m/>\u001b[39m\n\n  --------------------------------------------------\n  combobox:\n\n  Name \"Editor active solution\":\n  \u001b[36m<select\u001b[39m\n    \u001b[33maria-label\u001b[39m=\u001b[32m\"Editor active solution\"\u001b[39m\n    \u001b[33mclass\u001b[39m=\u001b[32m\"rounded-md border border-zinc-700 bg-zinc-950 px-2 py-1.5 text-xs text-zinc-200 outline-none focus:border-amber-400 focus:ring-2 focus:ring-amber-400/20\"\u001b[39m\n  \u001b[36m/>\u001b[39m\n\n  Name \"Editor active pattern\":\n  \u001b[36m<select\u001b[39m\n    \u001b[33maria-label\u001b[39m=\u001b[32m\"Editor active pattern\"\u001b[39m\n    \u001b[33mclass\u001b[39m=\u001b[32m\"rounded-md border border-zinc-700 bg-zinc-950 px-2 py-1.5 text-xs text-zinc-200 outline-none focus:border-amber-400 focus:ring-2 focus:ring-amber-400/20 disabled:text-zinc-600\"\u001b[39m\n  \u001b[36m/>\u001b[39m\n\n  Name \"Dependency prerequisite group\":\n  \u001b[36m<select\u001b[39m\n    \u001b[33maria-label\u001b[39m=\u001b[32m\"Dependency prerequisite group\"\u001b[39m\n    \u001b[33mclass\u001b[39m=\u001b[32m\"rounded-md border border-zinc-700 bg-zinc-950 px-2 py-1.5 text-xs text-zinc-200 outline-none focus:border-amber-400 focus:ring-2 focus:ring-amber-400/20\"\u001b[39m\n  \u001b[36m/>\u001b[39m\n\n  Name \"Dependency dependent group\":\n  \u001b[36m<select\u001b[39m\n    \u001b[33maria-label\u001b[39m=\u001b[32m\"Dependency dependent group\"\u001b[39m\n    \u001b[33mclass\u001b[39m=\u001b[32m\"rounded-md border border-zinc-700 bg-zinc-950 px-2 py-1.5 text-xs text-zinc-200 outline-none focus:border-amber-400 focus:ring-2 focus:ring-amber-400/20\"\u001b[39m\n  \u001b[36m/>\u001b[39m\n\n  --------------------------------------------------\n  option:\n\n  Name \"Solution 1\":\n  \u001b[36m<option\u001b[39m\n    \u001b[33mvalue\u001b[39m=\u001b[32m\"solution-1\"\u001b[39m\n  \u001b[36m/>\u001b[39m\n\n  Name \"Pattern 1 · 4 packages\":\n  \u001b[36m<option\u001b[39m\n    \u001b[33mvalue\u001b[39m=\u001b[32m\"pattern-1\"\u001b[39m\n  \u001b[36m/>\u001b[39m\n\n  Name \"Group 1\":\n  \u001b[36m<option\u001b[39m\n    \u001b[33mvalue\u001b[39m=\u001b[32m\"editor-grip-1o4tf06\"\u001b[39m\n  \u001b[36m/>\u001b[39m\n\n  Name \"Group 2\":\n  \u001b[36m<option\u001b[39m\n    \u001b[33mvalue\u001b[39m=\u001b[32m\"editor-grip-ig7cxa\"\u001b[39m\n  \u001b[36m/>\u001b[39m\n\n  Name \"Group 1\":\n  \u001b[36m<option\u001b[39m\n    \u001b[33mvalue\u001b[39m=\u001b[32m\"editor-grip-1o4tf06\"\u001b[39m\n  \u001b[36m/>\u001b[39m\n\n  Name \"Group 2\":\n  \u001b[36m<option\u001b[39m\n    \u001b[33mvalue\u001b[39m=\u001b[32m\"editor-grip-ig7cxa\"\u001b[39m\n  \u001b[36m/>\u001b[39m\n\n  --------------------------------------------------\n  navigation:\n\n  Name \"Project editor mode\":\n  \u001b[36m<nav\u001b[39m\n    \u001b[33maria-label\u001b[39m=\u001b[32m\"Project editor mode\"\u001b[39m\n    \u001b[33mclass\u001b[39m=\u001b[32m\"flex items-center gap-1 border border-zinc-800 bg-zinc-950 p-1\"\u001b[39m\n  \u001b[36m/>\u001b[39m\n\n  --------------------------------------------------\n  table:\n\n  Name \"\":\n  \u001b[36m<table\u001b[39m\n    \u001b[33mclass\u001b[39m=\u001b[32m\"w-full min-w-[760px] border-collapse text-left text-xs\"\u001b[39m\n  \u001b[36m/>\u001b[39m\n\n  --------------------------------------------------\n  rowgroup:\n\n  Name \"\":\n  \u001b[36m<thead\u001b[39m\n    \u001b[33mclass\u001b[39m=\u001b[32m\"bg-zinc-950 text-zinc-500\"\u001b[39m\n  \u001b[36m/>\u001b[39m\n\n  Name \"\":\n  \u001b[36m<tbody />\u001b[39m\n\n  --------------------------------------------------\n  row:\n\n  Name \"Select Group no. Order Packages Center X/Y Actions\":\n  \u001b[36m<tr />\u001b[39m\n\n  Name \"Select group 1 1 1 2 p1, p2 100 / 50 Up Down Split Remove\":\n  \u001b[36m<tr\u001b[39m\n    \u001b[33mclass\u001b[39m=\u001b[32m\"border-b border-zinc-800 text-zinc-300\"\u001b[39m\n    \u001b[33mdata-editor-group-id\u001b[39m=\u001b[32m\"editor-grip-1o4tf06\"\u001b[39m\n  \u001b[36m/>\u001b[39m\n\n  Name \"Select group 2 2 2 2 p3, p4 100 / 150 Up Down Split Remove\":\n  \u001b[36m<tr\u001b[39m\n    \u001b[33mclass\u001b[39m=\u001b[32m\"border-b border-zinc-800 text-zinc-300\"\u001b[39m\n    \u001b[33mdata-editor-group-id\u001b[39m=\u001b[32m\"editor-grip-ig7cxa\"\u001b[39m\n  \u001b[36m/>\u001b[39m\n\n  --------------------------------------------------\n  columnheader:\n\n  Name \"Select\":\n  \u001b[36m<th\u001b[39m\n    \u001b[33mclass\u001b[39m=\u001b[32m\"border-b border-zinc-800 px-2 py-2 font-medium\"\u001b[39m\n  \u001b[36m/>\u001b[39m\n\n  Name \"Group no.\":\n  \u001b[36m<th\u001b[39m\n    \u001b[33mclass\u001b[39m=\u001b[32m\"border-b border-zinc-800 px-2 py-2 font-medium\"\u001b[39m\n  \u001b[36m/>\u001b[39m\n\n  Name \"Order\":\n  \u001b[36m<th\u001b[39m\n    \u001b[33mclass\u001b[39m=\u001b[32m\"border-b border-zinc-800 px-2 py-2 font-medium\"\u001b[39m\n  \u001b[36m/>\u001b[39m\n\n  Name \"Packages\":\n  \u001b[36m<th\u001b[39m\n    \u001b[33mclass\u001b[39m=\u001b[32m\"border-b border-zinc-800 px-2 py-2 font-medium\"\u001b[39m\n  \u001b[36m/>\u001b[39m\n\n  Name \"Center X/Y\":\n  \u001b[36m<th\u001b[39m\n    \u001b[33mclass\u001b[39m=\u001b[32m\"border-b border-zinc-800 px-2 py-2 font-medium\"\u001b[39m\n  \u001b[36m/>\u001b[39m\n\n  Name \"Actions\":\n  \u001b[36m<th\u001b[39m\n    \u001b[33mclass\u001b[39m=\u001b[32m\"border-b border-zinc-800 px-2 py-2 font-medium\"\u001b[39m\n  \u001b[36m/>\u001b[39m\n\n  --------------------------------------------------\n  cell:\n\n  Name \"Select group 1\":\n  \u001b[36m<td\u001b[39m\n    \u001b[33mclass\u001b[39m=\u001b[32m\"px-2 py-2\"\u001b[39m\n  \u001b[36m/>\u001b[39m\n\n  Name \"1\":\n  \u001b[36m<td\u001b[39m\n    \u001b[33mclass\u001b[39m=\u001b[32m\"px-2 py-2\"\u001b[39m\n  \u001b[36m/>\u001b[39m\n\n  Name \"1\":\n  \u001b[36m<td\u001b[39m\n    \u001b[33mclass\u001b[39m=\u001b[32m\"px-2 py-2 font-mono\"\u001b[39m\n  \u001b[36m/>\u001b[39m\n\n  Name \"2 p1, p2\":\n  \u001b[36m<td\u001b[39m\n    \u001b[33mclass\u001b[39m=\u001b[32m\"px-2 py-2\"\u001b[39m\n  \u001b[36m/>\u001b[39m\n\n  Name \"100 / 50\":\n  \u001b[36m<td\u001b[39m\n    \u001b[33mclass\u001b[39m=\u001b[32m\"px-2 py-2 font-mono\"\u001b[39m\n  \u001b[36m/>\u001b[39m\n\n  Name \"Up Down Split Remove\":\n  \u001b[36m<td\u001b[39m\n    \u001b[33mclass\u001b[39m=\u001b[32m\"px-2 py-2\"\u001b[39m\n  \u001b[36m/>\u001b[39m\n\n  Name \"Select group 2\":\n  \u001b[36m<td\u001b[39m\n    \u001b[33mclass\u001b[39m=\u001b[32m\"px-2 py-2\"\u001b[39m\n  \u001b[36m/>\u001b[39m\n\n  Name \"2\":\n  \u001b[36m<td\u001b[39m\n    \u001b[33mclass\u001b[39m=\u001b[32m\"px-2 py-2\"\u001b[39m\n  \u001b[36m/>\u001b[39m\n\n  Name \"2\":\n  \u001b[36m<td\u001b[39m\n    \u001b[33mclass\u001b[39m=\u001b[32m\"px-2 py-2 font-mono\"\u001b[39m\n  \u001b[36m/>\u001b[39m\n\n  Name \"2 p3, p4\":\n  \u001b[36m<td\u001b[39m\n    \u001b[33mclass\u001b[39m=\u001b[32m\"px-2 py-2\"\u001b[39m\n  \u001b[36m/>\u001b[39m\n\n  Name \"100 / 150\":\n  \u001b[36m<td\u001b[39m\n    \u001b[33mclass\u001b[39m=\u001b[32m\"px-2 py-2 font-mono\"\u001b[39m\n  \u001b[36m/>\u001b[39m\n\n  Name \"Up Down Split Remove\":\n  \u001b[36m<td\u001b[39m\n    \u001b[33mclass\u001b[39m=\u001b[32m\"px-2 py-2\"\u001b[39m\n  \u001b[36m/>\u001b[39m\n\n  --------------------------------------------------\n  checkbox:\n\n  Name \"Select group 1\":\n  \u001b[36m<input\u001b[39m\n    \u001b[33maria-label\u001b[39m=\u001b[32m\"Select group 1\"\u001b[39m\n    \u001b[33mclass\u001b[39m=\u001b[32m\"h-4 w-4 accent-amber-400\"\u001b[39m\n    \u001b[33mtype\u001b[39m=\u001b[32m\"checkbox\"\u001b[39m\n  \u001b[36m/>\u001b[39m\n\n  Name \"Select group 2\":\n  \u001b[36m<input\u001b[39m\n    \u001b[33maria-label\u001b[39m=\u001b[32m\"Select group 2\"\u001b[39m\n    \u001b[33mclass\u001b[39m=\u001b[32m\"h-4 w-4 accent-amber-400\"\u001b[39m\n    \u001b[33mtype\u001b[39m=\u001b[32m\"checkbox\"\u001b[39m\n  \u001b[36m/>\u001b[39m\n\n  --------------------------------------------------\n  spinbutton:\n\n  Name \"Group 1 number\":\n  \u001b[36m<input\u001b[39m\n    \u001b[33maria-label\u001b[39m=\u001b[32m\"Group 1 number\"\u001b[39m\n    \u001b[33mclass\u001b[39m=\u001b[32m\"rounded-md border border-zinc-700 bg-zinc-950 px-2 py-1.5 text-xs text-zinc-200 outline-none focus:border-amber-400 focus:ring-2 focus:ring-amber-400/20 w-20 font-mono\"\u001b[39m\n    \u001b[33mmin\u001b[39m=\u001b[32m\"1\"\u001b[39m\n    \u001b[33mstep\u001b[39m=\u001b[32m\"1\"\u001b[39m\n    \u001b[33mtype\u001b[39m=\u001b[32m\"number\"\u001b[39m\n    \u001b[33mvalue\u001b[39m=\u001b[32m\"1\"\u001b[39m\n  \u001b[36m/>\u001b[39m\n\n  Name \"Group 2 number\":\n  \u001b[36m<input\u001b[39m\n    \u001b[33maria-label\u001b[39m=\u001b[32m\"Group 2 number\"\u001b[39m\n    \u001b[33mclass\u001b[39m=\u001b[32m\"rounded-md border border-zinc-700 bg-zinc-950 px-2 py-1.5 text-xs text-zinc-200 outline-none focus:border-amber-400 focus:ring-2 focus:ring-amber-400/20 w-20 font-mono\"\u001b[39m\n    \u001b[33mmin\u001b[39m=\u001b[32m\"1\"\u001b[39m\n    \u001b[33mstep\u001b[39m=\u001b[32m\"1\"\u001b[39m\n    \u001b[33mtype\u001b[39m=\u001b[32m\"number\"\u001b[39m\n    \u001b[33mvalue\u001b[39m=\u001b[32m\"2\"\u001b[39m\n  \u001b[36m/>\u001b[39m\n\n  --------------------------------------------------\n  img:\n\n  Name \"Execution order for Pattern 1\":\n  \u001b[36m<svg\u001b[39m\n    \u001b[33maria-label\u001b[39m=\u001b[32m\"Execution order for Pattern 1\"\u001b[39m\n    \u001b[33mclass\u001b[39m=\u001b[32m\"h-full min-h-[300px] w-full \"\u001b[39m\n    \u001b[33mrole\u001b[39m=\u001b[32m\"img\"\u001b[39m\n    \u001b[33mviewBox\u001b[39m=\u001b[32m\"0 0 400 300\"\u001b[39m\n  \u001b[36m/>\u001b[39m\n\n  --------------------------------------------------\n\nIgnored nodes: comments, script, style\n\u001b[36m<body>\u001b[39m\n  \u001b[36m<div>\u001b[39m\n    \u001b[36m<section\u001b[39m\n      \u001b[33mclass\u001b[39m=\u001b[32m\"grid gap-3\"\u001b[39m\n      \u001b[33mdata-testid\u001b[39m=\u001b[32m\"project-editor-workspace\"\u001b[39m\n    \u001b[36m>\u001b[39m\n      \u001b[36m<header\u001b[39m\n        \u001b[33mclass\u001b[39m=\u001b[32m\"border border-zinc-800 bg-zinc-900\"\u001b[39m\n      \u001b[36m>\u001b[39m\n        \u001b[36m<div\u001b[39m\n          \u001b[33mclass\u001b[39m=\u001b[32m\"flex flex-wrap items-center gap-2 border-b border-zinc-800 px-3 py-2\"\u001b[39m\n        \u001b[36m>\u001b[39m\n          \u001b[36m<div\u001b[39m\n            \u001b[33mclass\u001b[39m=\u001b[32m\"mr-auto\"\u001b[39m\n          \u001b[36m>\u001b[39m\n            \u001b[36m<h2\u001b[39m\n              \u001b[33mclass\u001b[39m=\u001b[32m\"text-sm font-semibold text-zinc-100\"\u001b[39m\n            \u001b[36m>\u001b[39m\n              \u001b[0mProject layer editor\u001b[0m\n            \u001b[36m</h2>\u001b[39m\n            \u001b[36m<p\u001b[39m\n              \u001b[33mclass\u001b[39m=\u001b[32m\"mt-0.5 text-xs text-zinc-500\"\u001b[39m\n            \u001b[36m>\u001b[39m\n              \u001b[0mOne command history covers package geometry, labels, groups, execution order, and stack interlayers.\u001b[0m\n            \u001b[36m</p>\u001b[39m\n          \u001b[36m</div>\u001b[39m\n          \u001b[36m<span\u001b[39m\n            \u001b[33mclass\u001b[39m=\u001b[32m\"text-xs text-zinc-500\"\u001b[39m\n            \u001b[33mrole\u001b[39m=\u001b[32m\"status\"\u001b[39m\n          \u001b[36m>\u001b[39m\n            \u001b[0mSaved editor state\u001b[0m\n          \u001b[36m</span>\u001b[39m\n          \u001b[36m<button\u001b[39m\n            \u001b[33mclass\u001b[39m=\u001b[32m\"rounded-md bg-amber-400 px-3 py-1.5 text-xs font-semibold text-zinc-950 hover:bg-amber-300 focus:ring-2 focus:ring-amber-200 focus:outline-none disabled:cursor-not-allowed disabled:bg-zinc-700 disabled:text-zinc-500\"\u001b[39m\n            \u001b[33mdisabled\u001b[39m=\u001b[32m\"\"\u001b[39m\n            \u001b[33mtype\u001b[39m=\u001b[32m\"button\"\u001b[39m\n          \u001b[36m>\u001b[39m\n            \u001b[0mSave\u001b[0m\n          \u001b[36m</button>\u001b[39m\n          \u001b[36m<button\u001b[39m\n            \u001b[33mclass\u001b[39m=\u001b[32m\"rounded-md border border-zinc-700 px-2.5 py-1.5 text-xs font-medium text-zinc-300 hover:bg-zinc-800 focus:outline-none focus:ring-2 focus:ring-amber-400/35 disabled:cursor-not-allowed disabled:border-zinc-800 disabled:text-zinc-600 disabled:hover:bg-transparent\"\u001b[39m\n            \u001b[33mdisabled\u001b[39m=\u001b[32m\"\"\u001b[39m\n            \u001b[33mtype\u001b[39m=\u001b[32m\"button\"\u001b[39m\n          \u001b[36m>\u001b[39m\n            \u001b[0mDiscard\u001b[0m\n          \u001b[36m</button>\u001b[39m\n          \u001b[36m<button\u001b[39m\n            \u001b[33mclass\u001b[39m=\u001b[32m\"rounded-md border border-zinc-700 px-2.5 py-1.5 text-xs font-medium text-zinc-300 hover:bg-zinc-800 focus:outline-none focus:ring-2 focus:ring-amber-400/35 disabled:cursor-not-allowed disabled:border-zinc-800 disabled:text-zinc-600 disabled:hover:bg-transparent\"\u001b[39m\n            \u001b[33mdisabled\u001b[39m=\u001b[32m\"\"\u001b[39m\n            \u001b[33mtype\u001b[39m=\u001b[32m\"button\"\u001b[39m\n          \u001b[36m>\u001b[39m\n            \u001b[0mUndo\u001b[0m\n          \u001b[36m</button>\u001b[39m\n          \u001b[36m<button\u001b[39m\n            \u001b[33mclass\u001b[39m=\u001b[32m\"rounded-md border border-zinc-700 px-2.5 py-1.5 text-xs font-medium text-zinc-300 hover:bg-zinc-800 focus:outline-none focus:ring-2 focus:ring-amber-400/35 disabled:cursor-not-allowed disabled:border-zinc-800 disabled:text-zinc-600 disabled:hover:bg-transparent\"\u001b[39m\n            \u001b[33mdisabled\u001b[39m=\u001b[32m\"\"\u001b[39m\n            \u001b[33mtype\u001b[39m=\u001b[32m\"button\"\u001b[39m\n          \u001b[36m>\u001b[39m\n            \u001b[0mRedo\u001b[0m\n          \u001b[36m</button>\u001b[39m\n          \u001b[36m<button\u001b[39m\n            \u001b[33mclass\u001b[39m=\u001b[32m\"rounded-md border border-zinc-700 px-2.5 py-1.5 text-xs font-medium text-zinc-300 hover:bg-zinc-800 focus:outline-none focus:ring-2 focus:ring-amber-400/35 disabled:cursor-not-allowed disabled:border-zinc-800 disabled:text-zinc-600 disabled:hover:bg-transparent text-red-300\"\u001b[39m\n            \u001b[33mdisabled\u001b[39m=\u001b[32m\"\"\u001b[39m\n            \u001b[33mtype\u001b[39m=\u001b[32m\"button\"\u001b[39m\n          \u001b[36m>\u001b[39m\n            \u001b[0mReset original\u001b[0m\n          \u001b[36m</button>\u001b[39m\n          \u001b[36m<span\u001b[39m\n            \u001b[33mclass\u001b[39m=\u001b[32m\"border border-zinc-800 bg-zinc-950 px-2 py-1 font-mono text-[11px] text-zinc-500\"\u001b[39m\n          \u001b[36m>\u001b[39m\n            \u001b[0mHistory \u001b[0m\n            \u001b[0m1\u001b[0m\n            \u001b[0m/\u001b[0m\n            \u001b[0m1\u001b[0m\n          \u001b[36m</span>\u001b[39m\n        \u001b[36m</div>\u001b[39m\n        \u001b[36m<div\u001b[39m\n          \u001b[33mclass\u001b[39m=\u001b[32m\"flex flex-wrap items-end gap-3 p-3\"\u001b[39m\n        \u001b[36m>\u001b[39m\n          \u001b[36m<label\u001b[39m\n            \u001b[33mclass\u001b[39m=\u001b[32m\"grid min-w-56 gap-1 text-xs text-zinc-500\"\u001b[39m\n          \u001b[36m>\u001b[39m\n            \u001b[0mActive solution\u001b[0m\n            \u001b[36m<select\u001b[39m\n              \u001b[33maria-label\u001b[39m=\u001b[32m\"Editor active solution\"\u001b[39m\n              \u001b[33mclass\u001b[39m=\u001b[32m\"rounded-md border border-zinc-700 bg-zinc-950 px-2 py-1.5 text-xs text-zinc-200 outline-none focus:border-amber-400 focus:ring-2 focus:ring-amber-400/20\"\u001b[39m\n            \u001b[36m>\u001b[39m\n              \u001b[36m<option\u001b[39m\n                \u001b[33mvalue\u001b[39m=\u001b[32m\"solution-1\"\u001b[39m\n              \u001b[36m>\u001b[39m\n                \u001b[0mSolution 1\u001b[0m\n              \u001b[36m</option>\u001b[39m\n            \u001b[36m</select>\u001b[39m\n          \u001b[36m</label>\u001b[39m\n          \u001b[36m<label\u001b[39m\n            \u001b[33mclass\u001b[39m=\u001b[32m\"grid min-w-56 gap-1 text-xs text-zinc-500\"\u001b[39m\n          \u001b[36m>\u001b[39m\n            \u001b[0mActive pattern\u001b[0m\n            \u001b[36m<select\u001b[39m\n              \u001b[33maria-label\u001b[39m=\u001b[32m\"Editor active pattern\"\u001b[39m\n              \u001b[33mclass\u001b[39m=\u001b[32m\"rounded-md border border-zinc-700 bg-zinc-950 px-2 py-1.5 text-xs text-zinc-200 outline-none focus:border-amber-400 focus:ring-2 focus:ring-amber-400/20 disabled:text-zinc-600\"\u001b[39m\n            \u001b[36m>\u001b[39m\n              \u001b[36m<option\u001b[39m\n                \u001b[33mvalue\u001b[39m=\u001b[32m\"pattern-1\"\u001b[39m\n              \u001b[36m>\u001b[39m\n                \u001b[0mPattern 1\u001b[0m\n                \u001b[0m · \u001b[0m\n                \u001b[0m4\u001b[0m\n                \u001b[0m packages\u001b[0m\n              \u001b[36m</option>\u001b[39m\n            \u001b[36m</select>\u001b[39m\n          \u001b[36m</label>\u001b[39m\n          \u001b[36m<nav\u001b[39m\n            \u001b[33maria-label\u001b[39m=\u001b[32m\"Project editor mode\"\u001b[39m\n            \u001b[33mclass\u001b[39m=\u001b[32m\"flex items-center gap-1 border border-zinc-800 bg-zinc-950 p-1\"\u001b[39m\n          \u001b[36m>\u001b[39m\n            \u001b[36m<button\u001b[39m\n              \u001b[33mclass\u001b[39m=\u001b[32m\"rounded-md px-3 py-1.5 text-xs font-medium focus:ring-2 focus:ring-amber-400/35 focus:outline-none text-zinc-400 hover:bg-zinc-800 hover:text-zinc-200\"\u001b[39m\n              \u001b[33mtype\u001b[39m=\u001b[32m\"button\"\u001b[39m\n            \u001b[36m>\u001b[39m\n              \u001b[0mPattern\u001b[0m\n            \u001b[36m</button>\u001b[39m\n            \u001b[36m<button\u001b[39m\n              \u001b[33maria-current\u001b[39m=\u001b[32m\"page\"\u001b[39m\n              \u001b[33mclass\u001b[39m=\u001b[32m\"rounded-md px-3 py-1.5 text-xs font-medium focus:ring-2 focus:ring-amber-400/35 focus:outline-none bg-zinc-700 text-zinc-100\"\u001b[39m\n              \u001b[33mtype\u001b[39m=\u001b[32m\"button\"\u001b[39m\n            \u001b[36m>\u001b[39m\n              \u001b[0mOrder\u001b[0m\n            \u001b[36m</button>\u001b[39m\n            \u001b[36m<button\u001b[39m\n              \u001b[33mclass\u001b[39m=\u001b[32m\"rounded-md px-3 py-1.5 text-xs font-medium focus:ring-2 focus:ring-amber-400/35 focus:outline-none text-zinc-400 hover:bg-zinc-800 hover:text-zinc-200\"\u001b[39m\n              \u001b[33mtype\u001b[39m=\u001b[32m\"button\"\u001b[39m\n            \u001b[36m>\u001b[39m\n              \u001b[0mFlow\u001b[0m...\n    at Object.getElementError (D:\\git-projects\\palette_3d_viewer\\node_modules\\@testing-library\\dom\\dist\\config.js:37:19)\n    at D:\\git-projects\\palette_3d_viewer\\node_modules\\@testing-library\\dom\\dist\\query-helpers.js:76:38\n    at D:\\git-projects\\palette_3d_viewer\\node_modules\\@testing-library\\dom\\dist\\query-helpers.js:52:17\n    at D:\\git-projects\\palette_3d_viewer\\node_modules\\@testing-library\\dom\\dist\\query-helpers.js:95:19\n    at D:\\git-projects\\palette_3d_viewer\\src\\features\\editor\\ProjectEditorWorkspace.test.tsx:282:14\n    at file:///D:/git-projects/palette_3d_viewer/node_modules/@vitest/runner/dist/chunk-hooks.js:155:11\n    at file:///D:/git-projects/palette_3d_viewer/node_modules/@vitest/runner/dist/chunk-hooks.js:752:26\n    at file:///D:/git-projects/palette_3d_viewer/node_modules/@vitest/runner/dist/chunk-hooks.js:1897:20\n    at new Promise (<anonymous>)\n    at runWithTimeout (file:///D:/git-projects/palette_3d_viewer/node_modules/@vitest/runner/dist/chunk-hooks.js:1863:10)"],"meta":{}},{"ancestorTitles":["ProjectEditorWorkspace order, flow, and persistence"],"fullName":"ProjectEditorWorkspace order, flow, and persistence steps the shared flow and supports save, discard, and reset","status":"failed","title":"steps the shared flow and supports save, discard, and reset","duration":147.72850000000017,"failureMessages":["TestingLibraryElementError: Unable to find a label with the text of: Selected package label side\n\nIgnored nodes: comments, script, style\n\u001b[36m<body>\u001b[39m\n  \u001b[36m<div>\u001b[39m\n    \u001b[36m<section\u001b[39m\n      \u001b[33mclass\u001b[39m=\u001b[32m\"grid gap-3\"\u001b[39m\n      \u001b[33mdata-testid\u001b[39m=\u001b[32m\"project-editor-workspace\"\u001b[39m\n    \u001b[36m>\u001b[39m\n      \u001b[36m<header\u001b[39m\n        \u001b[33mclass\u001b[39m=\u001b[32m\"border border-zinc-800 bg-zinc-900\"\u001b[39m\n      \u001b[36m>\u001b[39m\n        \u001b[36m<div\u001b[39m\n          \u001b[33mclass\u001b[39m=\u001b[32m\"flex flex-wrap items-center gap-2 border-b border-zinc-800 px-3 py-2\"\u001b[39m\n        \u001b[36m>\u001b[39m\n          \u001b[36m<div\u001b[39m\n            \u001b[33mclass\u001b[39m=\u001b[32m\"mr-auto\"\u001b[39m\n          \u001b[36m>\u001b[39m\n            \u001b[36m<h2\u001b[39m\n              \u001b[33mclass\u001b[39m=\u001b[32m\"text-sm font-semibold text-zinc-100\"\u001b[39m\n            \u001b[36m>\u001b[39m\n              \u001b[0mProject layer editor\u001b[0m\n            \u001b[36m</h2>\u001b[39m\n            \u001b[36m<p\u001b[39m\n              \u001b[33mclass\u001b[39m=\u001b[32m\"mt-0.5 text-xs text-zinc-500\"\u001b[39m\n            \u001b[36m>\u001b[39m\n              \u001b[0mOne command history covers package geometry, labels, groups, execution order, and stack interlayers.\u001b[0m\n            \u001b[36m</p>\u001b[39m\n          \u001b[36m</div>\u001b[39m\n          \u001b[36m<span\u001b[39m\n            \u001b[33mclass\u001b[39m=\u001b[32m\"text-xs text-zinc-500\"\u001b[39m\n            \u001b[33mrole\u001b[39m=\u001b[32m\"status\"\u001b[39m\n          \u001b[36m>\u001b[39m\n            \u001b[0mSaved editor state\u001b[0m\n          \u001b[36m</span>\u001b[39m\n          \u001b[36m<button\u001b[39m\n            \u001b[33mclass\u001b[39m=\u001b[32m\"rounded-md bg-amber-400 px-3 py-1.5 text-xs font-semibold text-zinc-950 hover:bg-amber-300 focus:ring-2 focus:ring-amber-200 focus:outline-none disabled:cursor-not-allowed disabled:bg-zinc-700 disabled:text-zinc-500\"\u001b[39m\n            \u001b[33mdisabled\u001b[39m=\u001b[32m\"\"\u001b[39m\n            \u001b[33mtype\u001b[39m=\u001b[32m\"button\"\u001b[39m\n          \u001b[36m>\u001b[39m\n            \u001b[0mSave\u001b[0m\n          \u001b[36m</button>\u001b[39m\n          \u001b[36m<button\u001b[39m\n            \u001b[33mclass\u001b[39m=\u001b[32m\"rounded-md border border-zinc-700 px-2.5 py-1.5 text-xs font-medium text-zinc-300 hover:bg-zinc-800 focus:outline-none focus:ring-2 focus:ring-amber-400/35 disabled:cursor-not-allowed disabled:border-zinc-800 disabled:text-zinc-600 disabled:hover:bg-transparent\"\u001b[39m\n            \u001b[33mdisabled\u001b[39m=\u001b[32m\"\"\u001b[39m\n            \u001b[33mtype\u001b[39m=\u001b[32m\"button\"\u001b[39m\n          \u001b[36m>\u001b[39m\n            \u001b[0mDiscard\u001b[0m\n          \u001b[36m</button>\u001b[39m\n          \u001b[36m<button\u001b[39m\n            \u001b[33mclass\u001b[39m=\u001b[32m\"rounded-md border border-zinc-700 px-2.5 py-1.5 text-xs font-medium text-zinc-300 hover:bg-zinc-800 focus:outline-none focus:ring-2 focus:ring-amber-400/35 disabled:cursor-not-allowed disabled:border-zinc-800 disabled:text-zinc-600 disabled:hover:bg-transparent\"\u001b[39m\n            \u001b[33mdisabled\u001b[39m=\u001b[32m\"\"\u001b[39m\n            \u001b[33mtype\u001b[39m=\u001b[32m\"button\"\u001b[39m\n          \u001b[36m>\u001b[39m\n            \u001b[0mUndo\u001b[0m\n          \u001b[36m</button>\u001b[39m\n          \u001b[36m<button\u001b[39m\n            \u001b[33mclass\u001b[39m=\u001b[32m\"rounded-md border border-zinc-700 px-2.5 py-1.5 text-xs font-medium text-zinc-300 hover:bg-zinc-800 focus:outline-none focus:ring-2 focus:ring-amber-400/35 disabled:cursor-not-allowed disabled:border-zinc-800 disabled:text-zinc-600 disabled:hover:bg-transparent\"\u001b[39m\n            \u001b[33mdisabled\u001b[39m=\u001b[32m\"\"\u001b[39m\n            \u001b[33mtype\u001b[39m=\u001b[32m\"button\"\u001b[39m\n          \u001b[36m>\u001b[39m\n            \u001b[0mRedo\u001b[0m\n          \u001b[36m</button>\u001b[39m\n          \u001b[36m<button\u001b[39m\n            \u001b[33mclass\u001b[39m=\u001b[32m\"rounded-md border border-zinc-700 px-2.5 py-1.5 text-xs font-medium text-zinc-300 hover:bg-zinc-800 focus:outline-none focus:ring-2 focus:ring-amber-400/35 disabled:cursor-not-allowed disabled:border-zinc-800 disabled:text-zinc-600 disabled:hover:bg-transparent text-red-300\"\u001b[39m\n            \u001b[33mtype\u001b[39m=\u001b[32m\"button\"\u001b[39m\n          \u001b[36m>\u001b[39m\n            \u001b[0mReset original\u001b[0m\n          \u001b[36m</button>\u001b[39m\n          \u001b[36m<span\u001b[39m\n            \u001b[33mclass\u001b[39m=\u001b[32m\"border border-zinc-800 bg-zinc-950 px-2 py-1 font-mono text-[11px] text-zinc-500\"\u001b[39m\n          \u001b[36m>\u001b[39m\n            \u001b[0mHistory \u001b[0m\n            \u001b[0m1\u001b[0m\n            \u001b[0m/\u001b[0m\n            \u001b[0m1\u001b[0m\n          \u001b[36m</span>\u001b[39m\n        \u001b[36m</div>\u001b[39m\n        \u001b[36m<div\u001b[39m\n          \u001b[33mclass\u001b[39m=\u001b[32m\"flex flex-wrap items-end gap-3 p-3\"\u001b[39m\n        \u001b[36m>\u001b[39m\n          \u001b[36m<label\u001b[39m\n            \u001b[33mclass\u001b[39m=\u001b[32m\"grid min-w-56 gap-1 text-xs text-zinc-500\"\u001b[39m\n          \u001b[36m>\u001b[39m\n            \u001b[0mActive solution\u001b[0m\n            \u001b[36m<select\u001b[39m\n              \u001b[33maria-label\u001b[39m=\u001b[32m\"Editor active solution\"\u001b[39m\n              \u001b[33mclass\u001b[39m=\u001b[32m\"rounded-md border border-zinc-700 bg-zinc-950 px-2 py-1.5 text-xs text-zinc-200 outline-none focus:border-amber-400 focus:ring-2 focus:ring-amber-400/20\"\u001b[39m\n            \u001b[36m>\u001b[39m\n              \u001b[36m<option\u001b[39m\n                \u001b[33mvalue\u001b[39m=\u001b[32m\"solution-1\"\u001b[39m\n              \u001b[36m>\u001b[39m\n                \u001b[0mSolution 1\u001b[0m\n              \u001b[36m</option>\u001b[39m\n            \u001b[36m</select>\u001b[39m\n          \u001b[36m</label>\u001b[39m\n          \u001b[36m<label\u001b[39m\n            \u001b[33mclass\u001b[39m=\u001b[32m\"grid min-w-56 gap-1 text-xs text-zinc-500\"\u001b[39m\n          \u001b[36m>\u001b[39m\n            \u001b[0mActive pattern\u001b[0m\n            \u001b[36m<select\u001b[39m\n              \u001b[33maria-label\u001b[39m=\u001b[32m\"Editor active pattern\"\u001b[39m\n              \u001b[33mclass\u001b[39m=\u001b[32m\"rounded-md border border-zinc-700 bg-zinc-950 px-2 py-1.5 text-xs text-zinc-200 outline-none focus:border-amber-400 focus:ring-2 focus:ring-amber-400/20 disabled:text-zinc-600\"\u001b[39m\n            \u001b[36m>\u001b[39m\n              \u001b[36m<option\u001b[39m\n                \u001b[33mvalue\u001b[39m=\u001b[32m\"pattern-1\"\u001b[39m\n              \u001b[36m>\u001b[39m\n                \u001b[0mPattern 1\u001b[0m\n                \u001b[0m · \u001b[0m\n                \u001b[0m4\u001b[0m\n                \u001b[0m packages\u001b[0m\n              \u001b[36m</option>\u001b[39m\n            \u001b[36m</select>\u001b[39m\n          \u001b[36m</label>\u001b[39m\n          \u001b[36m<nav\u001b[39m\n            \u001b[33maria-label\u001b[39m=\u001b[32m\"Project editor mode\"\u001b[39m\n            \u001b[33mclass\u001b[39m=\u001b[32m\"flex items-center gap-1 border border-zinc-800 bg-zinc-950 p-1\"\u001b[39m\n          \u001b[36m>\u001b[39m\n            \u001b[36m<button\u001b[39m\n              \u001b[33maria-current\u001b[39m=\u001b[32m\"page\"\u001b[39m\n              \u001b[33mclass\u001b[39m=\u001b[32m\"rounded-md px-3 py-1.5 text-xs font-medium focus:ring-2 focus:ring-amber-400/35 focus:outline-none bg-zinc-700 text-zinc-100\"\u001b[39m\n              \u001b[33mtype\u001b[39m=\u001b[32m\"button\"\u001b[39m\n            \u001b[36m>\u001b[39m\n              \u001b[0mPattern\u001b[0m\n            \u001b[36m</button>\u001b[39m\n            \u001b[36m<button\u001b[39m\n              \u001b[33mclass\u001b[39m=\u001b[32m\"rounded-md px-3 py-1.5 text-xs font-medium focus:ring-2 focus:ring-amber-400/35 focus:outline-none text-zinc-400 hover:bg-zinc-800 hover:text-zinc-200\"\u001b[39m\n              \u001b[33mtype\u001b[39m=\u001b[32m\"button\"\u001b[39m\n            \u001b[36m>\u001b[39m\n              \u001b[0mOrder\u001b[0m\n            \u001b[36m</button>\u001b[39m\n            \u001b[36m<button\u001b[39m\n              \u001b[33mclass\u001b[39m=\u001b[32m\"rounded-md px-3 py-1.5 text-xs font-medium focus:ring-2 focus:ring-amber-400/35 focus:outline-none text-zinc-400 hover:bg-zinc-800 hover:text-zinc-200\"\u001b[39m\n              \u001b[33mtype\u001b[39m=\u001b[32m\"button\"\u001b[39m\n            \u001b[36m>\u001b[39m\n              \u001b[0mFlow\u001b[0m\n            \u001b[36m</button>\u001b[39m\n          \u001b...\n    at Object.getElementError (D:\\git-projects\\palette_3d_viewer\\node_modules\\@testing-library\\dom\\dist\\config.js:37:19)\n    at getAllByLabelText (D:\\git-projects\\palette_3d_viewer\\node_modules\\@testing-library\\dom\\dist\\queries\\label-text.js:111:38)\n    at D:\\git-projects\\palette_3d_viewer\\node_modules\\@testing-library\\dom\\dist\\query-helpers.js:52:17\n    at D:\\git-projects\\palette_3d_viewer\\node_modules\\@testing-library\\dom\\dist\\query-helpers.js:95:19\n    at D:\\git-projects\\palette_3d_viewer\\src\\features\\editor\\ProjectEditorWorkspace.test.tsx:333:14\n    at file:///D:/git-projects/palette_3d_viewer/node_modules/@vitest/runner/dist/chunk-hooks.js:752:20"],"meta":{}}],"startTime":1785943435951,"endTime":1785943436756.7285,"status":"failed","message":"","name":"D:/git-projects/palette_3d_viewer/src/features/editor/ProjectEditorWorkspace.test.tsx"}]}